========================================================================================================================
Fold 0 Training
========================================================================================================================
Starting 1 epoch...
Epoch 1, Step 3000 - valid_score:0.05923
>>>>>>>> Model Improved From inf ----> 0.05923242679782721
Epoch 1, Step 6000 - valid_score:0.05729
>>>>>>>> Model Improved From 0.05923242679782721 ----> 0.057289843165849355
Epoch 1, Step 9000 - valid_score:0.05679
>>>>>>>> Model Improved From 0.057289843165849355 ----> 0.05678983193154931
Epoch 1, Step 12000 - valid_score:0.05700
Epoch 1, Step 15000 - valid_score:0.05571
>>>>>>>> Model Improved From 0.05678983193154931 ----> 0.0557104864862133
Epoch 1 - avg_train_loss: 0.05794  avg_val_loss: 0.05295  time: 10494s
Epoch 1 - train_score:0.05899  valid_score:0.05619
========================================================================================================================
Fold 1 Training
========================================================================================================================
Starting 1 epoch...
Epoch 1, Step 3000 - valid_score:0.05857
>>>>>>>> Model Improved From inf ----> 0.0585735371783693
Epoch 1, Step 6000 - valid_score:0.05768
>>>>>>>> Model Improved From 0.0585735371783693 ----> 0.057684344285957645
Epoch 1, Step 9000 - valid_score:0.05640
>>>>>>>> Model Improved From 0.057684344285957645 ----> 0.05639727161878103
Epoch 1, Step 12000 - valid_score:0.05757
Epoch 1, Step 15000 - valid_score:0.05523
>>>>>>>> Model Improved From 0.05639727161878103 ----> 0.05522729252942634
Epoch 1 - avg_train_loss: 0.05851  avg_val_loss: 0.05673  time: 10524s
Epoch 1 - train_score:0.05958  valid_score:0.05891
========================================================================================================================
Fold 2 Training
========================================================================================================================
Starting 1 epoch...
Epoch 1, Step 3000 - valid_score:0.08661
>>>>>>>> Model Improved From inf ----> 0.0866126472563107
Epoch 1, Step 6000 - valid_score:0.08577
>>>>>>>> Model Improved From 0.0866126472563107 ----> 0.08577180287626207
Epoch 1, Step 9000 - valid_score:0.08511
>>>>>>>> Model Improved From 0.08577180287626207 ----> 0.0851068296449917
Epoch 1, Step 12000 - valid_score:0.09383
Epoch 1, Step 15000 - valid_score:0.09488
Epoch 1 - avg_train_loss: 0.08951  avg_val_loss: 0.07435  time: 10498s
Epoch 1 - train_score:0.09062  valid_score:0.09424
========================================================================================================================
Fold 3 Training
========================================================================================================================
Starting 1 epoch...
Epoch 1, Step 3000 - valid_score:0.05828
>>>>>>>> Model Improved From inf ----> 0.05828166165970361
Epoch 1, Step 6000 - valid_score:0.05635
>>>>>>>> Model Improved From 0.05828166165970361 ----> 0.056351704379188634
Epoch 1, Step 9000 - valid_score:0.05903
Epoch 1, Step 12000 - valid_score:0.09413
Epoch 1, Step 15000 - valid_score:0.09379
Epoch 1 - avg_train_loss: 0.07085  avg_val_loss: 0.07556  time: 10511s
Epoch 1 - train_score:0.07380  valid_score:0.09381
========================================================================================================================
Fold 4 Training
========================================================================================================================
Starting 1 epoch...
Epoch 1, Step 3000 - valid_score:0.05826
>>>>>>>> Model Improved From inf ----> 0.058264571897704
Epoch 1, Step 6000 - valid_score:0.05713
>>>>>>>> Model Improved From 0.058264571897704 ----> 0.05713022809333999
Epoch 1, Step 9000 - valid_score:0.05588
>>>>>>>> Model Improved From 0.05713022809333999 ----> 0.055876537016374864
Epoch 1, Step 12000 - valid_score:0.05688
Epoch 1, Step 15000 - valid_score:0.05521
>>>>>>>> Model Improved From 0.055876537016374864 ----> 0.05520827849392137
Epoch 1 - avg_train_loss: 0.05803  avg_val_loss: 0.04996  time: 10527s
Epoch 1 - train_score:0.05925  valid_score:0.05498
>>>>>>>> Model Improved From 0.05520827849392137 ----> 0.05498061317470774
0.2857142857142857
0.21428571428571427
0.42857142857142855
0.2857142857142857
0.21428571428571427
cv score 0.3107147601966255
