========================================================================================================================
Fold 0 Training
========================================================================================================================
Starting 1 epoch...
Epoch 1, Step 500 - valid_score:0.07612
>>>>>>>> Model Improved From inf ----> 0.0761212710665354
Epoch 1, Step 1000 - valid_score:0.07523
>>>>>>>> Model Improved From 0.0761212710665354 ----> 0.07522744290403469
Epoch 1, Step 1500 - valid_score:0.07428
>>>>>>>> Model Improved From 0.07522744290403469 ----> 0.07428076993280769
Epoch 1, Step 2000 - valid_score:0.07415
>>>>>>>> Model Improved From 0.07428076993280769 ----> 0.07414599762583822
Epoch 1 - avg_train_loss: 0.07530  avg_val_loss: 0.06461  time: 1459s
Epoch 1 - train_score:0.07652  valid_score:0.07384
>>>>>>>> Model Improved From 0.07414599762583822 ----> 0.07384091482271346
Starting 2 epoch...
Epoch 2, Step 500 - valid_score:0.07380
>>>>>>>> Model Improved From 0.07384091482271346 ----> 0.07380172131756302
Epoch 2, Step 1000 - valid_score:0.07442
Epoch 2, Step 1500 - valid_score:0.07392
Epoch 2, Step 2000 - valid_score:0.07380
>>>>>>>> Model Improved From 0.07380172131756302 ----> 0.07380167747426264
Epoch 2 - avg_train_loss: 0.07357  avg_val_loss: 0.06483  time: 1464s
Epoch 2 - train_score:0.07460  valid_score:0.07381
Starting 3 epoch...
Epoch 3, Step 500 - valid_score:0.07384
Epoch 3, Step 1000 - valid_score:0.07383
Epoch 3, Step 1500 - valid_score:0.07522
Epoch 3, Step 2000 - valid_score:0.07379
>>>>>>>> Model Improved From 0.07380167747426264 ----> 0.07379422855127467
Epoch 3 - avg_train_loss: 0.07318  avg_val_loss: 0.06525  time: 1463s
Epoch 3 - train_score:0.07425  valid_score:0.07378
>>>>>>>> Model Improved From 0.07379422855127467 ----> 0.0737750431634486
Starting 4 epoch...
Epoch 4, Step 500 - valid_score:0.07381
Epoch 4, Step 1000 - valid_score:0.07411
Epoch 4, Step 1500 - valid_score:0.07408
Epoch 4, Step 2000 - valid_score:0.07382
Epoch 4 - avg_train_loss: 0.07304  avg_val_loss: 0.06830  time: 1461s
Epoch 4 - train_score:0.07411  valid_score:0.07430
========================================================================================================================
Fold 1 Training
========================================================================================================================
Starting 1 epoch...
Epoch 1, Step 500 - valid_score:0.07343
>>>>>>>> Model Improved From inf ----> 0.07342634966821868
Epoch 1, Step 1000 - valid_score:0.07087
>>>>>>>> Model Improved From 0.07342634966821868 ----> 0.07087041437599972
Epoch 1, Step 1500 - valid_score:0.06770
>>>>>>>> Model Improved From 0.07087041437599972 ----> 0.06770422222874699
Epoch 1, Step 2000 - valid_score:0.06881
Epoch 1 - avg_train_loss: 0.07230  avg_val_loss: 0.06199  time: 1467s
Epoch 1 - train_score:0.07340  valid_score:0.06728
>>>>>>>> Model Improved From 0.06770422222874699 ----> 0.06728194393444561
Starting 2 epoch...
Epoch 2, Step 500 - valid_score:0.06658
>>>>>>>> Model Improved From 0.06728194393444561 ----> 0.06657639555784843
Epoch 2, Step 1000 - valid_score:0.06750
Epoch 2, Step 1500 - valid_score:0.06716
Epoch 2, Step 2000 - valid_score:0.06658
Epoch 2 - avg_train_loss: 0.06776  avg_val_loss: 0.05717  time: 1465s
Epoch 2 - train_score:0.06874  valid_score:0.06612
>>>>>>>> Model Improved From 0.06657639555784843 ----> 0.06612166314333613
Starting 3 epoch...
Epoch 3, Step 500 - valid_score:0.06532
>>>>>>>> Model Improved From 0.06612166314333613 ----> 0.06531779000621843
Epoch 3, Step 1000 - valid_score:0.06706
Epoch 3, Step 1500 - valid_score:0.06594
Epoch 3, Step 2000 - valid_score:0.06613
Epoch 3 - avg_train_loss: 0.06510  avg_val_loss: 0.06450  time: 1465s
Epoch 3 - train_score:0.06607  valid_score:0.07029
Starting 4 epoch...
Epoch 4, Step 500 - valid_score:0.07104
Epoch 4, Step 1000 - valid_score:0.07247
Epoch 4, Step 1500 - valid_score:0.07503
Epoch 4, Step 2000 - valid_score:0.07465
Epoch 4 - avg_train_loss: 0.07231  avg_val_loss: 0.06260  time: 1462s
Epoch 4 - train_score:0.07345  valid_score:0.07414
========================================================================================================================
Fold 2 Training
========================================================================================================================
Starting 1 epoch...
Epoch 1, Step 500 - valid_score:0.08002
>>>>>>>> Model Improved From inf ----> 0.0800211672035962
Epoch 1, Step 1000 - valid_score:0.06846
>>>>>>>> Model Improved From 0.0800211672035962 ----> 0.06845625999513216
Epoch 1, Step 1500 - valid_score:0.06851
Epoch 1, Step 2000 - valid_score:0.06767
>>>>>>>> Model Improved From 0.06845625999513216 ----> 0.06767119178437107
Epoch 1 - avg_train_loss: 0.07078  avg_val_loss: 0.05735  time: 1467s
Epoch 1 - train_score:0.07201  valid_score:0.06938
Starting 2 epoch...
Epoch 2, Step 500 - valid_score:0.06675
>>>>>>>> Model Improved From 0.06767119178437107 ----> 0.06675056003727743
Epoch 2, Step 1000 - valid_score:0.06898
Epoch 2, Step 1500 - valid_score:0.06877
Epoch 2, Step 2000 - valid_score:0.06781
Epoch 2 - avg_train_loss: 0.06565  avg_val_loss: 0.05928  time: 1466s
Epoch 2 - train_score:0.06661  valid_score:0.06551
>>>>>>>> Model Improved From 0.06675056003727743 ----> 0.06551050214769312
Starting 3 epoch...
Epoch 3, Step 500 - valid_score:0.06987
Epoch 3, Step 1000 - valid_score:0.06737
Epoch 3, Step 1500 - valid_score:0.06625
Epoch 3, Step 2000 - valid_score:0.06887
Epoch 3 - avg_train_loss: 0.06478  avg_val_loss: 0.06155  time: 1464s
Epoch 3 - train_score:0.06577  valid_score:0.06717
Starting 4 epoch...
Epoch 4, Step 500 - valid_score:0.06768
Epoch 4, Step 1000 - valid_score:0.06646
Epoch 4, Step 1500 - valid_score:0.06630
Epoch 4, Step 2000 - valid_score:0.06954
Epoch 4 - avg_train_loss: 0.06197  avg_val_loss: 0.06035  time: 1464s
Epoch 4 - train_score:0.06295  valid_score:0.06841
========================================================================================================================
Fold 3 Training
========================================================================================================================
Starting 1 epoch...
Epoch 1, Step 500 - valid_score:0.07019
>>>>>>>> Model Improved From inf ----> 0.07018550687953341
Epoch 1, Step 1000 - valid_score:0.06667
>>>>>>>> Model Improved From 0.07018550687953341 ----> 0.06667037007376089
Epoch 1, Step 1500 - valid_score:0.07275
Epoch 1, Step 2000 - valid_score:0.06915
Epoch 1 - avg_train_loss: 0.07140  avg_val_loss: 0.05886  time: 1467s
Epoch 1 - train_score:0.07258  valid_score:0.06643
>>>>>>>> Model Improved From 0.06667037007376089 ----> 0.06643437474227751
Starting 2 epoch...
Epoch 2, Step 500 - valid_score:0.06540
>>>>>>>> Model Improved From 0.06643437474227751 ----> 0.06540187682264474
Epoch 2, Step 1000 - valid_score:0.06526
>>>>>>>> Model Improved From 0.06540187682264474 ----> 0.06526416563333307
Epoch 2, Step 1500 - valid_score:0.06693
Epoch 2, Step 2000 - valid_score:0.06628
Epoch 2 - avg_train_loss: 0.06644  avg_val_loss: 0.05752  time: 1468s
Epoch 2 - train_score:0.06739  valid_score:0.06541
Starting 3 epoch...
Epoch 3, Step 500 - valid_score:0.06690
Epoch 3, Step 1000 - valid_score:0.06718
Epoch 3, Step 1500 - valid_score:0.06537
Epoch 3, Step 2000 - valid_score:0.06569
Epoch 3 - avg_train_loss: 0.06338  avg_val_loss: 0.05954  time: 1465s
Epoch 3 - train_score:0.06434  valid_score:0.06566
Starting 4 epoch...
Epoch 4, Step 500 - valid_score:0.06686
Epoch 4, Step 1000 - valid_score:0.06638
Epoch 4, Step 1500 - valid_score:0.06575
Epoch 4, Step 2000 - valid_score:0.06661
Epoch 4 - avg_train_loss: 0.06101  avg_val_loss: 0.05898  time: 1464s
Epoch 4 - train_score:0.06201  valid_score:0.06708
========================================================================================================================
Fold 4 Training
========================================================================================================================
Starting 1 epoch...
Epoch 1, Step 500 - valid_score:0.06742
>>>>>>>> Model Improved From inf ----> 0.06741856971000552
Epoch 1, Step 1000 - valid_score:0.07089
Epoch 1, Step 1500 - valid_score:0.06998
Epoch 1, Step 2000 - valid_score:0.07229
Epoch 1 - avg_train_loss: 0.07172  avg_val_loss: 0.05814  time: 1465s
Epoch 1 - train_score:0.07305  valid_score:0.06557
>>>>>>>> Model Improved From 0.06741856971000552 ----> 0.06557475091915412
Starting 2 epoch...
Epoch 2, Step 500 - valid_score:0.07011
Epoch 2, Step 1000 - valid_score:0.07493
Epoch 2, Step 1500 - valid_score:0.07491
Epoch 2, Step 2000 - valid_score:0.07420
Epoch 2 - avg_train_loss: 0.07156  avg_val_loss: 0.06241  time: 1464s
Epoch 2 - train_score:0.07264  valid_score:0.07465
Starting 3 epoch...
Epoch 3, Step 500 - valid_score:0.07421
Epoch 3, Step 1000 - valid_score:0.07795
Epoch 3, Step 1500 - valid_score:0.07351
Epoch 3, Step 2000 - valid_score:0.07444
Epoch 3 - avg_train_loss: 0.07342  avg_val_loss: 0.06281  time: 1463s
Epoch 3 - train_score:0.07453  valid_score:0.07420
Starting 4 epoch...
Epoch 4, Step 500 - valid_score:0.07425
Epoch 4, Step 1000 - valid_score:0.07334
Epoch 4, Step 1500 - valid_score:0.07331
Epoch 4, Step 2000 - valid_score:0.07331
Epoch 4 - avg_train_loss: 0.07334  avg_val_loss: 0.06289  time: 1463s
Epoch 4 - train_score:0.07442  valid_score:0.07413
0.32142857142857145
0.6785714285714286
0.6785714285714286
0.5
0.6071428571428571
cv score 0.6795536070147469
