========================================================================================================================
Fold 0 Training
========================================================================================================================
Starting 1 epoch...
Epoch 1 - avg_train_loss: 0.07287  avg_val_loss: 0.06527  time: 876s
Epoch 1 - train_score:0.07458  valid_score:0.06644
>>>>>>>> Model Improved From inf ----> 0.06644100435787942
Starting 2 epoch...
Epoch 2 - avg_train_loss: 0.06803  avg_val_loss: 0.06990  time: 882s
Epoch 2 - train_score:0.06914  valid_score:0.07522
Starting 3 epoch...
Epoch 3 - avg_train_loss: 0.06721  avg_val_loss: 0.06760  time: 882s
Epoch 3 - train_score:0.06833  valid_score:0.06838
Starting 4 epoch...
Epoch 4 - avg_train_loss: 0.06686  avg_val_loss: 0.06489  time: 882s
Epoch 4 - train_score:0.06799  valid_score:0.06644
>>>>>>>> Model Improved From 0.06644100435787942 ----> 0.06643551446544636
Starting 5 epoch...
Epoch 5 - avg_train_loss: 0.06651  avg_val_loss: 0.06536  time: 882s
Epoch 5 - train_score:0.06764  valid_score:0.06649
========================================================================================================================
Fold 1 Training
========================================================================================================================
Starting 1 epoch...
Epoch 1 - avg_train_loss: 0.07370  avg_val_loss: 0.06453  time: 882s
Epoch 1 - train_score:0.07576  valid_score:0.06570
>>>>>>>> Model Improved From inf ----> 0.06570451207872795
Starting 2 epoch...
Epoch 2 - avg_train_loss: 0.06828  avg_val_loss: 0.06416  time: 882s
Epoch 2 - train_score:0.06946  valid_score:0.06586
Starting 3 epoch...
Epoch 3 - avg_train_loss: 0.06754  avg_val_loss: 0.06421  time: 883s
Epoch 3 - train_score:0.06866  valid_score:0.06572
Starting 4 epoch...
Epoch 4 - avg_train_loss: 0.06662  avg_val_loss: 0.06626  time: 883s
Epoch 4 - train_score:0.06778  valid_score:0.06702
Starting 5 epoch...
Epoch 5 - avg_train_loss: 0.06663  avg_val_loss: 0.06575  time: 883s
Epoch 5 - train_score:0.06776  valid_score:0.06656
========================================================================================================================
Fold 2 Training
========================================================================================================================
Starting 1 epoch...
Epoch 1 - avg_train_loss: 0.07251  avg_val_loss: 0.06537  time: 883s
Epoch 1 - train_score:0.07413  valid_score:0.06669
>>>>>>>> Model Improved From inf ----> 0.06668505967143
Starting 2 epoch...
Epoch 2 - avg_train_loss: 0.06761  avg_val_loss: 0.06599  time: 883s
Epoch 2 - train_score:0.06872  valid_score:0.06701
Starting 3 epoch...
Epoch 3 - avg_train_loss: 0.06683  avg_val_loss: 0.06550  time: 884s
Epoch 3 - train_score:0.06796  valid_score:0.06672
Starting 4 epoch...
Epoch 4 - avg_train_loss: 0.06618  avg_val_loss: 0.06530  time: 884s
Epoch 4 - train_score:0.06728  valid_score:0.06668
>>>>>>>> Model Improved From 0.06668505967143 ----> 0.0666827440489107
Starting 5 epoch...
Epoch 5 - avg_train_loss: 0.06603  avg_val_loss: 0.06645  time: 883s
Epoch 5 - train_score:0.06713  valid_score:0.06737
========================================================================================================================
Fold 3 Training
========================================================================================================================
Starting 1 epoch...
Epoch 1 - avg_train_loss: 0.07347  avg_val_loss: 0.06559  time: 883s
Epoch 1 - train_score:0.07534  valid_score:0.06690
>>>>>>>> Model Improved From inf ----> 0.06690142905085493
Starting 2 epoch...
Epoch 2 - avg_train_loss: 0.06798  avg_val_loss: 0.06549  time: 883s
Epoch 2 - train_score:0.06911  valid_score:0.06771
Starting 3 epoch...
Epoch 3 - avg_train_loss: 0.06701  avg_val_loss: 0.06602  time: 884s
Epoch 3 - train_score:0.06813  valid_score:0.06707
Starting 4 epoch...
Epoch 4 - avg_train_loss: 0.06644  avg_val_loss: 0.06554  time: 883s
Epoch 4 - train_score:0.06755  valid_score:0.06691
Starting 5 epoch...
Epoch 5 - avg_train_loss: 0.06608  avg_val_loss: 0.06668  time: 884s
Epoch 5 - train_score:0.06724  valid_score:0.06754
========================================================================================================================
Fold 4 Training
========================================================================================================================
Starting 1 epoch...
Epoch 1 - avg_train_loss: 0.07288  avg_val_loss: 0.06523  time: 884s
Epoch 1 - train_score:0.07452  valid_score:0.06624
>>>>>>>> Model Improved From inf ----> 0.06624314038381497
Starting 2 epoch...
Epoch 2 - avg_train_loss: 0.06794  avg_val_loss: 0.06758  time: 884s
Epoch 2 - train_score:0.06905  valid_score:0.06839
Starting 3 epoch...
Epoch 3 - avg_train_loss: 0.06688  avg_val_loss: 0.06447  time: 883s
Epoch 3 - train_score:0.06804  valid_score:0.06579
>>>>>>>> Model Improved From 0.06624314038381497 ----> 0.06579192008184093
Starting 4 epoch...
Epoch 4 - avg_train_loss: 0.06645  avg_val_loss: 0.06586  time: 883s
Epoch 4 - train_score:0.06757  valid_score:0.06676
Starting 5 epoch...
Epoch 5 - avg_train_loss: 0.06631  avg_val_loss: 0.06446  time: 883s
Epoch 5 - train_score:0.06739  valid_score:0.06579
>>>>>>>> Model Improved From 0.06579192008184093 ----> 0.06578956748428487
0.42857142857142855
0.5714285714285714
0.10714285714285714
0.4642857142857143
0.39285714285714285
cv score 0.5255413843496745
