========================================================================================================================
Fold 0 Training
========================================================================================================================
Starting 1 epoch...
Epoch 1 - avg_train_loss: 0.11906  avg_val_loss: 0.10590  time: 119s
Epoch 1 - train_score:0.12214  valid_score:0.10667
>>>>>>>> Model Improved From inf ----> 0.10667283376879715
Starting 2 epoch...
Epoch 2 - avg_train_loss: 0.10985  avg_val_loss: 0.12207  time: 122s
Epoch 2 - train_score:0.11226  valid_score:0.12253
Starting 3 epoch...
Epoch 3 - avg_train_loss: 0.10978  avg_val_loss: 0.10550  time: 123s
Epoch 3 - train_score:0.11247  valid_score:0.10627
>>>>>>>> Model Improved From 0.10667283376879715 ----> 0.10626691943540163
Starting 4 epoch...
Epoch 4 - avg_train_loss: 0.10005  avg_val_loss: 0.12200  time: 123s
Epoch 4 - train_score:0.10244  valid_score:0.12240
Starting 5 epoch...
Epoch 5 - avg_train_loss: 0.11822  avg_val_loss: 0.11622  time: 124s
Epoch 5 - train_score:0.12120  valid_score:0.11683
Starting 6 epoch...
Epoch 6 - avg_train_loss: 0.11893  avg_val_loss: 0.13563  time: 124s
Epoch 6 - train_score:0.12177  valid_score:0.13702
========================================================================================================================
Fold 1 Training
========================================================================================================================
Starting 1 epoch...
Epoch 1 - avg_train_loss: 0.13128  avg_val_loss: 0.12421  time: 123s
Epoch 1 - train_score:0.13466  valid_score:0.12492
>>>>>>>> Model Improved From inf ----> 0.12491841619847692
Starting 2 epoch...
Epoch 2 - avg_train_loss: 0.12383  avg_val_loss: 0.14183  time: 123s
Epoch 2 - train_score:0.12638  valid_score:0.14227
Starting 3 epoch...
Epoch 3 - avg_train_loss: 0.13960  avg_val_loss: 0.14045  time: 123s
Epoch 3 - train_score:0.14356  valid_score:0.14129
Starting 4 epoch...
Epoch 4 - avg_train_loss: 0.13938  avg_val_loss: 0.14255  time: 123s
Epoch 4 - train_score:0.14255  valid_score:0.14354
Starting 5 epoch...
Epoch 5 - avg_train_loss: 0.13931  avg_val_loss: 0.14135  time: 123s
Epoch 5 - train_score:0.14301  valid_score:0.14229
Starting 6 epoch...
Epoch 6 - avg_train_loss: 0.13898  avg_val_loss: 0.14403  time: 123s
Epoch 6 - train_score:0.14242  valid_score:0.14506
========================================================================================================================
Fold 2 Training
========================================================================================================================
Starting 1 epoch...
Epoch 1 - avg_train_loss: 0.11921  avg_val_loss: 0.10609  time: 123s
Epoch 1 - train_score:0.12254  valid_score:0.10670
>>>>>>>> Model Improved From inf ----> 0.10669706978332162
Starting 2 epoch...
Epoch 2 - avg_train_loss: 0.10849  avg_val_loss: 0.11696  time: 123s
Epoch 2 - train_score:0.11086  valid_score:0.11734
Starting 3 epoch...
Epoch 3 - avg_train_loss: 0.11137  avg_val_loss: 0.10666  time: 123s
Epoch 3 - train_score:0.11388  valid_score:0.10714
Starting 4 epoch...
Epoch 4 - avg_train_loss: 0.10196  avg_val_loss: 0.10908  time: 123s
Epoch 4 - train_score:0.10442  valid_score:0.10972
Starting 5 epoch...
Epoch 5 - avg_train_loss: 0.10347  avg_val_loss: 0.10684  time: 123s
Epoch 5 - train_score:0.10605  valid_score:0.10734
Starting 6 epoch...
Epoch 6 - avg_train_loss: 0.08964  avg_val_loss: 0.11564  time: 123s
Epoch 6 - train_score:0.09181  valid_score:0.11639
========================================================================================================================
Fold 3 Training
========================================================================================================================
Starting 1 epoch...
Epoch 1 - avg_train_loss: 0.11883  avg_val_loss: 0.11098  time: 123s
Epoch 1 - train_score:0.12223  valid_score:0.11173
>>>>>>>> Model Improved From inf ----> 0.11172660228852428
Starting 2 epoch...
Epoch 2 - avg_train_loss: 0.11069  avg_val_loss: 0.13955  time: 123s
Epoch 2 - train_score:0.11349  valid_score:0.14060
Starting 3 epoch...
Epoch 3 - avg_train_loss: 0.13693  avg_val_loss: 0.14161  time: 123s
Epoch 3 - train_score:0.14049  valid_score:0.14248
Starting 4 epoch...
Epoch 4 - avg_train_loss: 0.13892  avg_val_loss: 0.14182  time: 123s
Epoch 4 - train_score:0.14207  valid_score:0.14270
Starting 5 epoch...
Epoch 5 - avg_train_loss: 0.13959  avg_val_loss: 0.14158  time: 123s
Epoch 5 - train_score:0.14344  valid_score:0.14244
Starting 6 epoch...
Epoch 6 - avg_train_loss: 0.13902  avg_val_loss: 0.14144  time: 123s
Epoch 6 - train_score:0.14239  valid_score:0.14228
========================================================================================================================
Fold 4 Training
========================================================================================================================
Starting 1 epoch...
Epoch 1 - avg_train_loss: 0.11932  avg_val_loss: 0.10953  time: 123s
Epoch 1 - train_score:0.12215  valid_score:0.11015
>>>>>>>> Model Improved From inf ----> 0.11014792524873808
Starting 2 epoch...
Epoch 2 - avg_train_loss: 0.11006  avg_val_loss: 0.13520  time: 123s
Epoch 2 - train_score:0.11259  valid_score:0.13566
Starting 3 epoch...
Epoch 3 - avg_train_loss: 0.10846  avg_val_loss: 0.11178  time: 123s
Epoch 3 - train_score:0.11114  valid_score:0.11241
Starting 4 epoch...
Epoch 4 - avg_train_loss: 0.09869  avg_val_loss: 0.11658  time: 123s
Epoch 4 - train_score:0.10094  valid_score:0.11718
Starting 5 epoch...
Epoch 5 - avg_train_loss: 0.09846  avg_val_loss: 0.11362  time: 123s
Epoch 5 - train_score:0.10070  valid_score:0.11432
Starting 6 epoch...
Epoch 6 - avg_train_loss: 0.08968  avg_val_loss: 0.13998  time: 123s
Epoch 6 - train_score:0.09283  valid_score:0.14066
0.7857142857142857
0.6785714285714286
0.7142857142857143
0.8214285714285714
0.8214285714285714
cv score 0.6675966520526107
