========================================================================================================================
Fold 0 Training
========================================================================================================================
Starting 1 epoch...
Epoch 1 - avg_train_loss: 0.15791  avg_val_loss: 0.15233  time: 112s
Epoch 1 - train_score:0.15951  valid_score:0.15353
>>>>>>>> Model Improved From inf ----> 0.15353218563238266
Starting 2 epoch...
Epoch 2 - avg_train_loss: 0.15239  avg_val_loss: 0.15939  time: 114s
Epoch 2 - train_score:0.15416  valid_score:0.16016
Starting 3 epoch...
Epoch 3 - avg_train_loss: 0.15826  avg_val_loss: 0.15589  time: 115s
Epoch 3 - train_score:0.15991  valid_score:0.15711
Starting 4 epoch...
Epoch 4 - avg_train_loss: 0.15737  avg_val_loss: 0.15847  time: 116s
Epoch 4 - train_score:0.15908  valid_score:0.16008
Starting 5 epoch...
Epoch 5 - avg_train_loss: 0.15826  avg_val_loss: 0.15593  time: 116s
Epoch 5 - train_score:0.15957  valid_score:0.15710
Starting 6 epoch...
Epoch 6 - avg_train_loss: 0.15738  avg_val_loss: 0.15590  time: 116s
Epoch 6 - train_score:0.15889  valid_score:0.15710
========================================================================================================================
Fold 1 Training
========================================================================================================================
Starting 1 epoch...
Epoch 1 - avg_train_loss: 0.14503  avg_val_loss: 0.13361  time: 116s
Epoch 1 - train_score:0.14675  valid_score:0.13429
>>>>>>>> Model Improved From inf ----> 0.13429031744532618
Starting 2 epoch...
Epoch 2 - avg_train_loss: 0.13460  avg_val_loss: 0.14927  time: 116s
Epoch 2 - train_score:0.13606  valid_score:0.14983
Starting 3 epoch...
Epoch 3 - avg_train_loss: 0.13637  avg_val_loss: 0.13293  time: 116s
Epoch 3 - train_score:0.13772  valid_score:0.13399
>>>>>>>> Model Improved From 0.13429031744532618 ----> 0.13398825460077946
Starting 4 epoch...
Epoch 4 - avg_train_loss: 0.12110  avg_val_loss: 0.15009  time: 116s
Epoch 4 - train_score:0.12240  valid_score:0.15226
Starting 5 epoch...
Epoch 5 - avg_train_loss: 0.15360  avg_val_loss: 0.15687  time: 116s
Epoch 5 - train_score:0.15540  valid_score:0.15802
Starting 6 epoch...
Epoch 6 - avg_train_loss: 0.15709  avg_val_loss: 0.15852  time: 116s
Epoch 6 - train_score:0.15875  valid_score:0.15993
========================================================================================================================
Fold 2 Training
========================================================================================================================
Starting 1 epoch...
Epoch 1 - avg_train_loss: 0.14270  avg_val_loss: 0.13405  time: 116s
Epoch 1 - train_score:0.14435  valid_score:0.13508
>>>>>>>> Model Improved From inf ----> 0.13508012735377797
Starting 2 epoch...
Epoch 2 - avg_train_loss: 0.13224  avg_val_loss: 0.13657  time: 116s
Epoch 2 - train_score:0.13393  valid_score:0.13725
Starting 3 epoch...
Epoch 3 - avg_train_loss: 0.14734  avg_val_loss: 0.15985  time: 116s
Epoch 3 - train_score:0.14947  valid_score:0.16088
Starting 4 epoch...
Epoch 4 - avg_train_loss: 0.15672  avg_val_loss: 0.16061  time: 116s
Epoch 4 - train_score:0.15838  valid_score:0.16189
Starting 5 epoch...
Epoch 5 - avg_train_loss: 0.15725  avg_val_loss: 0.16084  time: 116s
Epoch 5 - train_score:0.15883  valid_score:0.16216
Starting 6 epoch...
Epoch 6 - avg_train_loss: 0.15641  avg_val_loss: 0.16052  time: 116s
Epoch 6 - train_score:0.15804  valid_score:0.16179
========================================================================================================================
Fold 3 Training
========================================================================================================================
Starting 1 epoch...
Epoch 1 - avg_train_loss: 0.14640  avg_val_loss: 0.13312  time: 116s
Epoch 1 - train_score:0.14815  valid_score:0.13416
>>>>>>>> Model Improved From inf ----> 0.1341603522666514
Starting 2 epoch...
Epoch 2 - avg_train_loss: 0.13759  avg_val_loss: 0.14969  time: 116s
Epoch 2 - train_score:0.13924  valid_score:0.15050
Starting 3 epoch...
Epoch 3 - avg_train_loss: 0.14074  avg_val_loss: 0.13511  time: 116s
Epoch 3 - train_score:0.14219  valid_score:0.13638
Starting 4 epoch...
Epoch 4 - avg_train_loss: 0.13156  avg_val_loss: 0.14967  time: 116s
Epoch 4 - train_score:0.13320  valid_score:0.15071
Starting 5 epoch...
Epoch 5 - avg_train_loss: 0.15137  avg_val_loss: 0.15477  time: 116s
Epoch 5 - train_score:0.15295  valid_score:0.15609
Starting 6 epoch...
Epoch 6 - avg_train_loss: 0.15809  avg_val_loss: 0.15551  time: 116s
Epoch 6 - train_score:0.15959  valid_score:0.15660
========================================================================================================================
Fold 4 Training
========================================================================================================================
Starting 1 epoch...
Epoch 1 - avg_train_loss: 0.14262  avg_val_loss: 0.13246  time: 116s
Epoch 1 - train_score:0.14429  valid_score:0.13385
>>>>>>>> Model Improved From inf ----> 0.13384546817857204
Starting 2 epoch...
Epoch 2 - avg_train_loss: 0.13156  avg_val_loss: 0.14649  time: 116s
Epoch 2 - train_score:0.13305  valid_score:0.14904
Starting 3 epoch...
Epoch 3 - avg_train_loss: 0.14449  avg_val_loss: 0.13733  time: 116s
Epoch 3 - train_score:0.14587  valid_score:0.13860
Starting 4 epoch...
Epoch 4 - avg_train_loss: 0.13178  avg_val_loss: 0.13972  time: 116s
Epoch 4 - train_score:0.13313  valid_score:0.14045
Starting 5 epoch...
Epoch 5 - avg_train_loss: 0.14243  avg_val_loss: 0.14743  time: 116s
Epoch 5 - train_score:0.14429  valid_score:0.14842
Starting 6 epoch...
Epoch 6 - avg_train_loss: 0.14389  avg_val_loss: 0.14973  time: 116s
Epoch 6 - train_score:0.14558  valid_score:0.15181
0.75
0.7857142857142857
0.8571428571428571
0.75
0.75
cv score 0.6536136574996678
