========================================================================================================================
Fold 0 Training
========================================================================================================================
Starting 1 epoch...
Epoch 1, Step 400 - valid_score:0.05231
>>>>>>>> Model Improved From inf ----> 0.05231119488977576
Epoch 1, Step 800 - valid_score:0.05273
Epoch 1, Step 1200 - valid_score:0.06065
Epoch 1, Step 1600 - valid_score:0.05137
>>>>>>>> Model Improved From 0.05231119488977576 ----> 0.051370690693629255
Epoch 1, Step 2000 - valid_score:0.06062
Epoch 1, Step 2400 - valid_score:0.06054
Starting 2 epoch...
Epoch 2, Step 400 - valid_score:0.06004
Epoch 2, Step 800 - valid_score:0.06049
Epoch 2, Step 1200 - valid_score:0.06392
Epoch 2, Step 1600 - valid_score:0.06028
Epoch 2, Step 2000 - valid_score:0.06077
Epoch 2, Step 2400 - valid_score:0.06243
Starting 3 epoch...
Epoch 3, Step 400 - valid_score:0.06023
Epoch 3, Step 800 - valid_score:0.06135
Epoch 3, Step 1200 - valid_score:0.06155
Epoch 3, Step 1600 - valid_score:0.06177
Epoch 3, Step 2000 - valid_score:0.06036
Epoch 3, Step 2400 - valid_score:0.06118
Starting 4 epoch...
Epoch 4, Step 400 - valid_score:0.06024
Epoch 4, Step 800 - valid_score:0.06038
Epoch 4, Step 1200 - valid_score:0.06045
Epoch 4, Step 1600 - valid_score:0.06097
Epoch 4, Step 2000 - valid_score:0.06006
Epoch 4, Step 2400 - valid_score:0.06032
========================================================================================================================
Fold 1 Training
========================================================================================================================
Starting 1 epoch...
Epoch 1, Step 400 - valid_score:0.05465
>>>>>>>> Model Improved From inf ----> 0.05464591669685711
Epoch 1, Step 800 - valid_score:0.05609
Epoch 1, Step 1200 - valid_score:0.05595
Epoch 1, Step 1600 - valid_score:0.05348
>>>>>>>> Model Improved From 0.05464591669685711 ----> 0.053480630232833344
Epoch 1, Step 2000 - valid_score:0.05976
Epoch 1, Step 2400 - valid_score:0.06031
Starting 2 epoch...
Epoch 2, Step 400 - valid_score:0.06043
Epoch 2, Step 800 - valid_score:0.06051
Epoch 2, Step 1200 - valid_score:0.06033
Epoch 2, Step 1600 - valid_score:0.06010
Epoch 2, Step 2000 - valid_score:0.06015
Epoch 2, Step 2400 - valid_score:0.06519
Starting 3 epoch...
Epoch 3, Step 400 - valid_score:0.06052
Epoch 3, Step 800 - valid_score:0.06248
Epoch 3, Step 1200 - valid_score:0.06017
Epoch 3, Step 1600 - valid_score:0.06105
Epoch 3, Step 2000 - valid_score:0.06043
Epoch 3, Step 2400 - valid_score:0.06158
Starting 4 epoch...
Epoch 4, Step 400 - valid_score:0.06031
Epoch 4, Step 800 - valid_score:0.06008
Epoch 4, Step 1200 - valid_score:0.06027
Epoch 4, Step 1600 - valid_score:0.06014
Epoch 4, Step 2000 - valid_score:0.06008
Epoch 4, Step 2400 - valid_score:0.06013
========================================================================================================================
Fold 2 Training
========================================================================================================================
Starting 1 epoch...
Epoch 1, Step 400 - valid_score:0.06031
>>>>>>>> Model Improved From inf ----> 0.06030538538256865
Epoch 1, Step 800 - valid_score:0.06110
Epoch 1, Step 1200 - valid_score:0.06286
Epoch 1, Step 1600 - valid_score:0.06167
Epoch 1, Step 2000 - valid_score:0.06223
Epoch 1, Step 2400 - valid_score:0.06060
Starting 2 epoch...
Epoch 2, Step 400 - valid_score:0.06116
Epoch 2, Step 800 - valid_score:0.06081
Epoch 2, Step 1200 - valid_score:0.06026
>>>>>>>> Model Improved From 0.06030538538256865 ----> 0.060259548894224135
Epoch 2, Step 1600 - valid_score:0.06084
Epoch 2, Step 2000 - valid_score:0.06086
Epoch 2, Step 2400 - valid_score:0.06067
Starting 3 epoch...
Epoch 3, Step 400 - valid_score:0.06149
Epoch 3, Step 800 - valid_score:0.06073
Epoch 3, Step 1200 - valid_score:0.06118
Epoch 3, Step 1600 - valid_score:0.06124
Epoch 3, Step 2000 - valid_score:0.06070
Epoch 3, Step 2400 - valid_score:0.06038
Starting 4 epoch...
Epoch 4, Step 400 - valid_score:0.06073
Epoch 4, Step 800 - valid_score:0.06076
Epoch 4, Step 1200 - valid_score:0.06029
Epoch 4, Step 1600 - valid_score:0.06048
Epoch 4, Step 2000 - valid_score:0.06053
Epoch 4, Step 2400 - valid_score:0.06074
========================================================================================================================
Fold 3 Training
========================================================================================================================
Starting 1 epoch...
Epoch 1, Step 400 - valid_score:0.05278
>>>>>>>> Model Improved From inf ----> 0.052777727691841206
Epoch 1, Step 800 - valid_score:0.05456
Epoch 1, Step 1200 - valid_score:0.05566
Epoch 1, Step 1600 - valid_score:0.05175
>>>>>>>> Model Improved From 0.052777727691841206 ----> 0.05174943267324814
Epoch 1, Step 2000 - valid_score:0.05739
Epoch 1, Step 2400 - valid_score:0.06101
Starting 2 epoch...
Epoch 2, Step 400 - valid_score:0.06052
Epoch 2, Step 800 - valid_score:0.06060
Epoch 2, Step 1200 - valid_score:0.06080
Epoch 2, Step 1600 - valid_score:0.06024
Epoch 2, Step 2000 - valid_score:0.06063
Epoch 2, Step 2400 - valid_score:0.06043
Starting 3 epoch...
Epoch 3, Step 400 - valid_score:0.06186
Epoch 3, Step 800 - valid_score:0.06220
Epoch 3, Step 1200 - valid_score:0.06094
Epoch 3, Step 1600 - valid_score:0.06040
Epoch 3, Step 2000 - valid_score:0.06029
Epoch 3, Step 2400 - valid_score:0.06067
Starting 4 epoch...
Epoch 4, Step 400 - valid_score:0.06060
Epoch 4, Step 800 - valid_score:0.06023
Epoch 4, Step 1200 - valid_score:0.06026
Epoch 4, Step 1600 - valid_score:0.06017
Epoch 4, Step 2000 - valid_score:0.06020
Epoch 4, Step 2400 - valid_score:0.06030
========================================================================================================================
Fold 4 Training
========================================================================================================================
Starting 1 epoch...
Epoch 1, Step 400 - valid_score:0.06012
>>>>>>>> Model Improved From inf ----> 0.06011682559285434
Epoch 1, Step 800 - valid_score:0.06018
Epoch 1, Step 1200 - valid_score:0.06366
Epoch 1, Step 1600 - valid_score:0.06054
Epoch 1, Step 2000 - valid_score:0.06101
Epoch 1, Step 2400 - valid_score:0.06079
Starting 2 epoch...
Epoch 2, Step 400 - valid_score:0.06140
Epoch 2, Step 800 - valid_score:0.06069
Epoch 2, Step 1200 - valid_score:0.06116
Epoch 2, Step 1600 - valid_score:0.06178
Epoch 2, Step 2000 - valid_score:0.06051
Epoch 2, Step 2400 - valid_score:0.06148
Starting 3 epoch...
Epoch 3, Step 400 - valid_score:0.06019
Epoch 3, Step 800 - valid_score:0.06098
Epoch 3, Step 1200 - valid_score:0.06067
Epoch 3, Step 1600 - valid_score:0.06017
Epoch 3, Step 2000 - valid_score:0.06046
Epoch 3, Step 2400 - valid_score:0.06142
Starting 4 epoch...
Epoch 4, Step 400 - valid_score:0.06027
Epoch 4, Step 800 - valid_score:0.06025
Epoch 4, Step 1200 - valid_score:0.06043
Epoch 4, Step 1600 - valid_score:0.06073
Epoch 4, Step 2000 - valid_score:0.06122
Epoch 4, Step 2400 - valid_score:0.06082
0.75
0.6785714285714286
0.75
0.5714285714285714
0.7857142857142857
cv score 0.666633452902883
