========================================================================================================================
Fold 0 Training
========================================================================================================================
Starting 1 epoch...
Epoch 1 - avg_train_loss: 0.15116  avg_val_loss: 0.13294  time: 86s
Epoch 1 - train_score:0.15300  valid_score:0.13337
>>>>>>>> Model Improved From inf ----> 0.13336557455141101
Starting 2 epoch...
Epoch 2 - avg_train_loss: 0.12750  avg_val_loss: 0.12666  time: 87s
Epoch 2 - train_score:0.12888  valid_score:0.12728
>>>>>>>> Model Improved From 0.13336557455141101 ----> 0.12728064579564216
Starting 3 epoch...
Epoch 3 - avg_train_loss: 0.13649  avg_val_loss: 0.14361  time: 88s
Epoch 3 - train_score:0.13866  valid_score:0.14439
Starting 4 epoch...
Epoch 4 - avg_train_loss: 0.15154  avg_val_loss: 0.15258  time: 88s
Epoch 4 - train_score:0.15345  valid_score:0.15331
Starting 5 epoch...
Epoch 5 - avg_train_loss: 0.15138  avg_val_loss: 0.15338  time: 88s
Epoch 5 - train_score:0.15302  valid_score:0.15426
Starting 6 epoch...
Epoch 6 - avg_train_loss: 0.15166  avg_val_loss: 0.15214  time: 88s
Epoch 6 - train_score:0.15342  valid_score:0.15287
========================================================================================================================
Fold 1 Training
========================================================================================================================
Starting 1 epoch...
Epoch 1 - avg_train_loss: 0.14774  avg_val_loss: 0.13147  time: 89s
Epoch 1 - train_score:0.14956  valid_score:0.13182
>>>>>>>> Model Improved From inf ----> 0.13182448499365843
Starting 2 epoch...
Epoch 2 - avg_train_loss: 0.12345  avg_val_loss: 0.12348  time: 89s
Epoch 2 - train_score:0.12477  valid_score:0.12389
>>>>>>>> Model Improved From 0.13182448499365843 ----> 0.12388594654007776
Starting 3 epoch...
Epoch 3 - avg_train_loss: 0.12669  avg_val_loss: 0.14771  time: 89s
Epoch 3 - train_score:0.12825  valid_score:0.14850
Starting 4 epoch...
Epoch 4 - avg_train_loss: 0.16114  avg_val_loss: 0.15106  time: 88s
Epoch 4 - train_score:0.16307  valid_score:0.15161
Starting 5 epoch...
Epoch 5 - avg_train_loss: 0.15282  avg_val_loss: 0.13189  time: 88s
Epoch 5 - train_score:0.15474  valid_score:0.13224
Starting 6 epoch...
Epoch 6 - avg_train_loss: 0.14288  avg_val_loss: 0.15081  time: 88s
Epoch 6 - train_score:0.14505  valid_score:0.15139
========================================================================================================================
Fold 2 Training
========================================================================================================================
Starting 1 epoch...
Epoch 1 - avg_train_loss: 0.14053  avg_val_loss: 0.12283  time: 89s
Epoch 1 - train_score:0.14294  valid_score:0.12356
>>>>>>>> Model Improved From inf ----> 0.12355591622527458
Starting 2 epoch...
Epoch 2 - avg_train_loss: 0.11720  avg_val_loss: 0.12121  time: 89s
Epoch 2 - train_score:0.11864  valid_score:0.12188
>>>>>>>> Model Improved From 0.12355591622527458 ----> 0.12187551647691014
Starting 3 epoch...
Epoch 3 - avg_train_loss: 0.12281  avg_val_loss: 0.13152  time: 89s
Epoch 3 - train_score:0.12402  valid_score:0.13240
Starting 4 epoch...
Epoch 4 - avg_train_loss: 0.11968  avg_val_loss: 0.12100  time: 89s
Epoch 4 - train_score:0.12149  valid_score:0.12160
>>>>>>>> Model Improved From 0.12187551647691014 ----> 0.12160223376443674
Starting 5 epoch...
Epoch 5 - avg_train_loss: 0.09861  avg_val_loss: 0.12137  time: 89s
Epoch 5 - train_score:0.09983  valid_score:0.12189
Starting 6 epoch...
Epoch 6 - avg_train_loss: 0.10583  avg_val_loss: 0.12690  time: 89s
Epoch 6 - train_score:0.10739  valid_score:0.12783
========================================================================================================================
Fold 3 Training
========================================================================================================================
Starting 1 epoch...
Epoch 1 - avg_train_loss: 0.14493  avg_val_loss: 0.12587  time: 88s
Epoch 1 - train_score:0.14703  valid_score:0.12675
>>>>>>>> Model Improved From inf ----> 0.12675469132777017
Starting 2 epoch...
Epoch 2 - avg_train_loss: 0.11937  avg_val_loss: 0.12493  time: 88s
Epoch 2 - train_score:0.12061  valid_score:0.12518
>>>>>>>> Model Improved From 0.12675469132777017 ----> 0.12518290472573312
Starting 3 epoch...
Epoch 3 - avg_train_loss: 0.12625  avg_val_loss: 0.13148  time: 88s
Epoch 3 - train_score:0.12772  valid_score:0.13211
Starting 4 epoch...
Epoch 4 - avg_train_loss: 0.11685  avg_val_loss: 0.12445  time: 88s
Epoch 4 - train_score:0.11838  valid_score:0.12493
>>>>>>>> Model Improved From 0.12518290472573312 ----> 0.12493203179830065
Starting 5 epoch...
Epoch 5 - avg_train_loss: 0.09518  avg_val_loss: 0.12003  time: 88s
Epoch 5 - train_score:0.09638  valid_score:0.12045
>>>>>>>> Model Improved From 0.12493203179830065 ----> 0.12045137629588432
Starting 6 epoch...
Epoch 6 - avg_train_loss: 0.09889  avg_val_loss: 0.12980  time: 88s
Epoch 6 - train_score:0.10057  valid_score:0.13006
========================================================================================================================
Fold 4 Training
========================================================================================================================
Starting 1 epoch...
Epoch 1 - avg_train_loss: 0.14701  avg_val_loss: 0.14461  time: 89s
Epoch 1 - train_score:0.14946  valid_score:0.14505
>>>>>>>> Model Improved From inf ----> 0.14504782656301834
Starting 2 epoch...
Epoch 2 - avg_train_loss: 0.12851  avg_val_loss: 0.13079  time: 89s
Epoch 2 - train_score:0.13013  valid_score:0.13117
>>>>>>>> Model Improved From 0.14504782656301834 ----> 0.1311661217612398
Starting 3 epoch...
Epoch 3 - avg_train_loss: 0.13265  avg_val_loss: 0.15791  time: 89s
Epoch 3 - train_score:0.13550  valid_score:0.15859
Starting 4 epoch...
Epoch 4 - avg_train_loss: 0.16086  avg_val_loss: 0.15829  time: 88s
Epoch 4 - train_score:0.16264  valid_score:0.15851
Starting 5 epoch...
Epoch 5 - avg_train_loss: 0.14096  avg_val_loss: 0.14034  time: 88s
Epoch 5 - train_score:0.14260  valid_score:0.14077
Starting 6 epoch...
Epoch 6 - avg_train_loss: 0.13584  avg_val_loss: 0.12515  time: 88s
Epoch 6 - train_score:0.13789  valid_score:0.12549
>>>>>>>> Model Improved From 0.1311661217612398 ----> 0.1254883017543316
0.8214285714285714
0.6785714285714286
0.8571428571428571
0.7857142857142857
0.7857142857142857
cv score 0.6679952172180151
