========================================================================================================================
Fold 0 Training
========================================================================================================================
Starting 1 epoch...
Epoch 1, Step 400 - valid_score:0.07048
>>>>>>>> Model Improved From inf ----> 0.0704806099024981
Starting 2 epoch...
Epoch 2, Step 400 - valid_score:0.07610
Starting 3 epoch...
Epoch 3, Step 400 - valid_score:0.07162
Starting 4 epoch...
Epoch 4, Step 400 - valid_score:0.07006
>>>>>>>> Model Improved From 0.0704806099024981 ----> 0.07005605200958528
========================================================================================================================
Fold 1 Training
========================================================================================================================
Starting 1 epoch...
Epoch 1, Step 400 - valid_score:0.07007
>>>>>>>> Model Improved From inf ----> 0.07007420699649126
Starting 2 epoch...
Epoch 2, Step 400 - valid_score:0.07223
Starting 3 epoch...
Epoch 3, Step 400 - valid_score:0.06986
>>>>>>>> Model Improved From 0.07007420699649126 ----> 0.06985946686327668
Starting 4 epoch...
Epoch 4, Step 400 - valid_score:0.07140
========================================================================================================================
Fold 2 Training
========================================================================================================================
Starting 1 epoch...
Epoch 1, Step 400 - valid_score:0.06176
>>>>>>>> Model Improved From inf ----> 0.061758449007031584
Starting 2 epoch...
Epoch 2, Step 400 - valid_score:0.07038
Starting 3 epoch...
Epoch 3, Step 400 - valid_score:0.06988
Starting 4 epoch...
Epoch 4, Step 400 - valid_score:0.06979
========================================================================================================================
Fold 3 Training
========================================================================================================================
Starting 1 epoch...
Epoch 1, Step 400 - valid_score:0.06951
>>>>>>>> Model Improved From inf ----> 0.06950638228958418
Starting 2 epoch...
Epoch 2, Step 400 - valid_score:0.07304
Starting 3 epoch...
Epoch 3, Step 400 - valid_score:0.07019
Starting 4 epoch...
Epoch 4, Step 400 - valid_score:0.06999
========================================================================================================================
Fold 4 Training
========================================================================================================================
Starting 1 epoch...
Epoch 1, Step 400 - valid_score:0.06283
>>>>>>>> Model Improved From inf ----> 0.06282847727594841
Starting 2 epoch...
Epoch 2, Step 400 - valid_score:0.05972
>>>>>>>> Model Improved From 0.06282847727594841 ----> 0.05972450444187302
Starting 3 epoch...
Epoch 3, Step 400 - valid_score:0.06275
Starting 4 epoch...
Epoch 4, Step 400 - valid_score:0.06024
0.4642857142857143
0.5
0.7857142857142857
0.5357142857142857
0.8214285714285714
cv score 0.5973827554138434
