========================================================================================================================
Fold 0 Training
========================================================================================================================
========================================================================================================================
Fold 0 Training
========================================================================================================================
Starting 1 epoch...
Epoch 1, Step 400 - valid_score:0.06616
>>>>>>>> Model Improved From inf ----> 0.06616448382740818
Epoch 1, Step 800 - valid_score:0.06506
>>>>>>>> Model Improved From 0.06616448382740818 ----> 0.06505510947063911
Epoch 1, Step 1200 - valid_score:0.07465
Epoch 1, Step 1600 - valid_score:0.06332
>>>>>>>> Model Improved From 0.06505510947063911 ----> 0.06332190124061374
Epoch 1, Step 2000 - valid_score:0.07500
Epoch 1, Step 2400 - valid_score:0.07416
Epoch 1, Step 2800 - valid_score:0.07397
Epoch 1, Step 3200 - valid_score:0.07464
Epoch 1, Step 3600 - valid_score:0.07381
Epoch 1, Step 4000 - valid_score:0.07490
Epoch 1, Step 4400 - valid_score:0.07399
Epoch 1, Step 4800 - valid_score:0.07489
Epoch 1, Step 5200 - valid_score:0.07423
Epoch 1, Step 5600 - valid_score:0.07377
Epoch 1, Step 6000 - valid_score:0.07398
Epoch 1, Step 6400 - valid_score:0.07382
Epoch 1, Step 6800 - valid_score:0.07408
Epoch 1, Step 7200 - valid_score:0.07522
Epoch 1, Step 7600 - valid_score:0.07389
Starting 2 epoch...
Epoch 2, Step 400 - valid_score:0.07545
Epoch 2, Step 800 - valid_score:0.07382
Epoch 2, Step 1200 - valid_score:0.07366
Epoch 2, Step 1600 - valid_score:0.07377
Epoch 2, Step 2000 - valid_score:0.07374
Epoch 2, Step 2400 - valid_score:0.07451
Epoch 2, Step 2800 - valid_score:0.07414
Epoch 2, Step 3200 - valid_score:0.07389
Epoch 2, Step 3600 - valid_score:0.07412
Epoch 2, Step 4000 - valid_score:0.07506
Epoch 2, Step 4400 - valid_score:0.07503
Epoch 2, Step 4800 - valid_score:0.07536
Epoch 2, Step 5200 - valid_score:0.07441
Epoch 2, Step 5600 - valid_score:0.07529
Epoch 2, Step 6000 - valid_score:0.07465
Epoch 2, Step 6400 - valid_score:0.07400
Epoch 2, Step 6800 - valid_score:0.07536
Epoch 2, Step 7200 - valid_score:0.07768
Epoch 2, Step 7600 - valid_score:0.07490
Starting 3 epoch...
Epoch 3, Step 400 - valid_score:0.07445
Epoch 3, Step 800 - valid_score:0.07621
Epoch 3, Step 1200 - valid_score:0.07460
Epoch 3, Step 1600 - valid_score:0.07640
Epoch 3, Step 2000 - valid_score:0.07647
Epoch 3, Step 2400 - valid_score:0.08157
Epoch 3, Step 2800 - valid_score:0.07416
Epoch 3, Step 3200 - valid_score:0.07476
Epoch 3, Step 3600 - valid_score:0.07471
Epoch 3, Step 4000 - valid_score:0.07518
Epoch 3, Step 4400 - valid_score:0.07999
Epoch 3, Step 4800 - valid_score:0.07459
Epoch 3, Step 5200 - valid_score:0.07627
Epoch 3, Step 5600 - valid_score:0.07482
Epoch 3, Step 6000 - valid_score:0.07503
Epoch 3, Step 6400 - valid_score:0.07453
Epoch 3, Step 6800 - valid_score:0.07612
Epoch 3, Step 7200 - valid_score:0.07523
Epoch 3, Step 7600 - valid_score:0.07554
Starting 4 epoch...
Epoch 4, Step 400 - valid_score:0.07551
Epoch 4, Step 800 - valid_score:0.07839
Epoch 4, Step 1200 - valid_score:0.07579
Epoch 4, Step 1600 - valid_score:0.07681
Epoch 4, Step 2000 - valid_score:0.07685
Epoch 4, Step 2400 - valid_score:0.07593
Epoch 4, Step 2800 - valid_score:0.07398
Epoch 4, Step 3200 - valid_score:0.07461
Epoch 4, Step 3600 - valid_score:0.07445
Epoch 4, Step 4000 - valid_score:0.07497
Epoch 4, Step 4400 - valid_score:0.07577
Epoch 4, Step 4800 - valid_score:0.07610
Epoch 4, Step 5200 - valid_score:0.07528
Epoch 4, Step 5600 - valid_score:0.07389
Epoch 4, Step 6000 - valid_score:0.07546
Epoch 4, Step 6400 - valid_score:0.07513
Epoch 4, Step 6800 - valid_score:0.07522
Epoch 4, Step 7200 - valid_score:0.07513
Epoch 4, Step 7600 - valid_score:0.07467
========================================================================================================================
Fold 1 Training
========================================================================================================================
Starting 1 epoch...
Epoch 1, Step 400 - valid_score:0.06535
>>>>>>>> Model Improved From inf ----> 0.06535388225370203
Epoch 1, Step 800 - valid_score:0.06779
Epoch 1, Step 1200 - valid_score:0.07366
Epoch 1, Step 1600 - valid_score:0.07484
Epoch 1, Step 2000 - valid_score:0.07568
Epoch 1, Step 2400 - valid_score:0.07367
Epoch 1, Step 2800 - valid_score:0.07384
Epoch 1, Step 3200 - valid_score:0.07362
Epoch 1, Step 3600 - valid_score:0.07383
Epoch 1, Step 4000 - valid_score:0.07383
Epoch 1, Step 4400 - valid_score:0.07464
Epoch 1, Step 4800 - valid_score:0.07366
Epoch 1, Step 5200 - valid_score:0.07389
Epoch 1, Step 5600 - valid_score:0.07395
Epoch 1, Step 6000 - valid_score:0.07363
Epoch 1, Step 6400 - valid_score:0.07376
Epoch 1, Step 6800 - valid_score:0.07381
Epoch 1, Step 7200 - valid_score:0.07436
Epoch 1, Step 7600 - valid_score:0.07400
Starting 2 epoch...
Epoch 2, Step 400 - valid_score:0.07364
Epoch 2, Step 800 - valid_score:0.07428
Epoch 2, Step 1200 - valid_score:0.07552
Epoch 2, Step 1600 - valid_score:0.07365
Epoch 2, Step 2000 - valid_score:0.07394
Epoch 2, Step 2400 - valid_score:0.07396
Epoch 2, Step 2800 - valid_score:0.07432
Epoch 2, Step 3200 - valid_score:0.07407
Epoch 2, Step 3600 - valid_score:0.07555
Epoch 2, Step 4000 - valid_score:0.07370
Epoch 2, Step 4400 - valid_score:0.07363
Epoch 2, Step 4800 - valid_score:0.07418
Epoch 2, Step 5200 - valid_score:0.07363
Epoch 2, Step 5600 - valid_score:0.07394
Epoch 2, Step 6000 - valid_score:0.07393
Epoch 2, Step 6400 - valid_score:0.07713
Epoch 2, Step 6800 - valid_score:0.07456
Epoch 2, Step 7200 - valid_score:0.07468
Epoch 2, Step 7600 - valid_score:0.07723
Starting 3 epoch...
Epoch 3, Step 400 - valid_score:0.07731
Epoch 3, Step 800 - valid_score:0.07671
Epoch 3, Step 1200 - valid_score:0.07634
Epoch 3, Step 1600 - valid_score:0.07417
Epoch 3, Step 2000 - valid_score:0.07551
Epoch 3, Step 2400 - valid_score:0.07872
Epoch 3, Step 2800 - valid_score:0.07416
Epoch 3, Step 3200 - valid_score:0.07479
Epoch 3, Step 3600 - valid_score:0.07506
Epoch 3, Step 4000 - valid_score:0.07502
Epoch 3, Step 4400 - valid_score:0.07453
Epoch 3, Step 4800 - valid_score:0.07754
Epoch 3, Step 5200 - valid_score:0.07487
Epoch 3, Step 5600 - valid_score:0.07853
Epoch 3, Step 6000 - valid_score:0.07551
Epoch 3, Step 6400 - valid_score:0.07594
Epoch 3, Step 6800 - valid_score:0.07511
Epoch 3, Step 7200 - valid_score:0.07701
Epoch 3, Step 7600 - valid_score:0.07561
Starting 4 epoch...
Epoch 4, Step 400 - valid_score:0.07578
Epoch 4, Step 800 - valid_score:0.07422
Epoch 4, Step 1200 - valid_score:0.07526
Epoch 4, Step 1600 - valid_score:0.07552
Epoch 4, Step 2000 - valid_score:0.07374
Epoch 4, Step 2400 - valid_score:0.07503
Epoch 4, Step 2800 - valid_score:0.07595
Epoch 4, Step 3200 - valid_score:0.07472
Epoch 4, Step 3600 - valid_score:0.07545
Epoch 4, Step 4000 - valid_score:0.07421
Epoch 4, Step 4400 - valid_score:0.07486
Epoch 4, Step 4800 - valid_score:0.07568
Epoch 4, Step 5200 - valid_score:0.07573
Epoch 4, Step 5600 - valid_score:0.07571
Epoch 4, Step 6000 - valid_score:0.07697
Epoch 4, Step 6400 - valid_score:0.07555
Epoch 4, Step 6800 - valid_score:0.07619
Epoch 4, Step 7200 - valid_score:0.07403
Epoch 4, Step 7600 - valid_score:0.07555
========================================================================================================================
Fold 2 Training
========================================================================================================================
Starting 1 epoch...
Epoch 1, Step 400 - valid_score:0.07361
>>>>>>>> Model Improved From inf ----> 0.07360915942760533
Epoch 1, Step 800 - valid_score:0.07360
>>>>>>>> Model Improved From 0.07360915942760533 ----> 0.07359765350000241
Epoch 1, Step 1200 - valid_score:0.07561
Epoch 1, Step 1600 - valid_score:0.07404
Epoch 1, Step 2000 - valid_score:0.07355
>>>>>>>> Model Improved From 0.07359765350000241 ----> 0.07354884994019274
Epoch 1, Step 2400 - valid_score:0.07380
Epoch 1, Step 2800 - valid_score:0.07355
Epoch 1, Step 3200 - valid_score:0.07480
Epoch 1, Step 3600 - valid_score:0.07415
Epoch 1, Step 4000 - valid_score:0.07369
Epoch 1, Step 4400 - valid_score:0.07462
Epoch 1, Step 4800 - valid_score:0.07452
Epoch 1, Step 5200 - valid_score:0.07361
Epoch 1, Step 5600 - valid_score:0.07391
Epoch 1, Step 6000 - valid_score:0.07456
Epoch 1, Step 6400 - valid_score:0.07414
Epoch 1, Step 6800 - valid_score:0.07369
Epoch 1, Step 7200 - valid_score:0.07369
Epoch 1, Step 7600 - valid_score:0.07466
Starting 2 epoch...
Epoch 2, Step 400 - valid_score:0.07598
Epoch 2, Step 800 - valid_score:0.07540
Epoch 2, Step 1200 - valid_score:0.07376
Epoch 2, Step 1600 - valid_score:0.07423
Epoch 2, Step 2000 - valid_score:0.07404
Epoch 2, Step 2400 - valid_score:0.07539
Epoch 2, Step 2800 - valid_score:0.07469
Epoch 2, Step 3200 - valid_score:0.07439
Epoch 2, Step 3600 - valid_score:0.07504
Epoch 2, Step 4000 - valid_score:0.07463
Epoch 2, Step 4400 - valid_score:0.07482
Epoch 2, Step 4800 - valid_score:0.07424
Epoch 2, Step 5200 - valid_score:0.07761
Epoch 2, Step 5600 - valid_score:0.07366
Epoch 2, Step 6000 - valid_score:0.07387
Epoch 2, Step 6400 - valid_score:0.07478
Epoch 2, Step 6800 - valid_score:0.07518
Epoch 2, Step 7200 - valid_score:0.07631
Epoch 2, Step 7600 - valid_score:0.07556
Starting 3 epoch...
Epoch 3, Step 400 - valid_score:0.07567
Epoch 3, Step 800 - valid_score:0.07771
Epoch 3, Step 1200 - valid_score:0.07633
Epoch 3, Step 1600 - valid_score:0.07923
Epoch 3, Step 2000 - valid_score:0.07533
Epoch 3, Step 2400 - valid_score:0.07426
Epoch 3, Step 2800 - valid_score:0.07465
Epoch 3, Step 3200 - valid_score:0.07489
Epoch 3, Step 3600 - valid_score:0.07526
Epoch 3, Step 4000 - valid_score:0.07561
Epoch 3, Step 4400 - valid_score:0.07542
Epoch 3, Step 4800 - valid_score:0.07549
Epoch 3, Step 5200 - valid_score:0.07553
Epoch 3, Step 5600 - valid_score:0.07490
Epoch 3, Step 6000 - valid_score:0.07507
Epoch 3, Step 6400 - valid_score:0.07451
Epoch 3, Step 6800 - valid_score:0.07489
Epoch 3, Step 7200 - valid_score:0.07564
Epoch 3, Step 7600 - valid_score:0.07379
Starting 4 epoch...
Epoch 4, Step 400 - valid_score:0.07585
Epoch 4, Step 800 - valid_score:0.07501
Epoch 4, Step 1200 - valid_score:0.07521
Epoch 4, Step 1600 - valid_score:0.07541
Epoch 4, Step 2000 - valid_score:0.07497
Epoch 4, Step 2400 - valid_score:0.07623
Epoch 4, Step 2800 - valid_score:0.07785
Epoch 4, Step 3200 - valid_score:0.07561
Epoch 4, Step 3600 - valid_score:0.07420
Epoch 4, Step 4000 - valid_score:0.07498
Epoch 4, Step 4400 - valid_score:0.07590
Epoch 4, Step 4800 - valid_score:0.07896
Epoch 4, Step 5200 - valid_score:0.07620
Epoch 4, Step 5600 - valid_score:0.07500
Epoch 4, Step 6000 - valid_score:0.07497
Epoch 4, Step 6400 - valid_score:0.07531
Epoch 4, Step 6800 - valid_score:0.07671
Epoch 4, Step 7200 - valid_score:0.07619
Epoch 4, Step 7600 - valid_score:0.07676
========================================================================================================================
Fold 3 Training
========================================================================================================================
Starting 1 epoch...
Epoch 1, Step 400 - valid_score:0.07427
>>>>>>>> Model Improved From inf ----> 0.07426730923569189
Epoch 1, Step 800 - valid_score:0.07638
Epoch 1, Step 1200 - valid_score:0.07444
Epoch 1, Step 1600 - valid_score:0.07429
Epoch 1, Step 2000 - valid_score:0.07556
Epoch 1, Step 2400 - valid_score:0.07387
>>>>>>>> Model Improved From 0.07426730923569189 ----> 0.07386510317721742
Epoch 1, Step 2800 - valid_score:0.07355
>>>>>>>> Model Improved From 0.07386510317721742 ----> 0.07355394750900943
Epoch 1, Step 3200 - valid_score:0.07373
Epoch 1, Step 3600 - valid_score:0.07424
Epoch 1, Step 4000 - valid_score:0.07389
Epoch 1, Step 4400 - valid_score:0.07404
Epoch 1, Step 4800 - valid_score:0.07458
Epoch 1, Step 5200 - valid_score:0.07355
>>>>>>>> Model Improved From 0.07355394750900943 ----> 0.07355278750791168
Epoch 1, Step 5600 - valid_score:0.07417
Epoch 1, Step 6000 - valid_score:0.07603
Epoch 1, Step 6400 - valid_score:0.07421
Epoch 1, Step 6800 - valid_score:0.07376
Epoch 1, Step 7200 - valid_score:0.07438
Epoch 1, Step 7600 - valid_score:0.07416
Starting 2 epoch...
Epoch 2, Step 400 - valid_score:0.07493
Epoch 2, Step 800 - valid_score:0.07394
Epoch 2, Step 1200 - valid_score:0.07503
Epoch 2, Step 1600 - valid_score:0.07391
Epoch 2, Step 2000 - valid_score:0.07407
Epoch 2, Step 2400 - valid_score:0.07670
Epoch 2, Step 2800 - valid_score:0.07419
Epoch 2, Step 3200 - valid_score:0.07364
Epoch 2, Step 3600 - valid_score:0.07358
Epoch 2, Step 4000 - valid_score:0.07478
Epoch 2, Step 4400 - valid_score:0.07628
Epoch 2, Step 4800 - valid_score:0.07406
Epoch 2, Step 5200 - valid_score:0.07480
Epoch 2, Step 5600 - valid_score:0.07439
Epoch 2, Step 6000 - valid_score:0.07568
Epoch 2, Step 6400 - valid_score:0.07466
Epoch 2, Step 6800 - valid_score:0.07045
>>>>>>>> Model Improved From 0.07355278750791168 ----> 0.07044660899458781
Epoch 2, Step 7200 - valid_score:0.07360
Epoch 2, Step 7600 - valid_score:0.07469
Starting 3 epoch...
Epoch 3, Step 400 - valid_score:0.07697
Epoch 3, Step 800 - valid_score:0.07448
Epoch 3, Step 1200 - valid_score:0.07547
Epoch 3, Step 1600 - valid_score:0.07569
Epoch 3, Step 2000 - valid_score:0.07374
Epoch 3, Step 2400 - valid_score:0.07355
Epoch 3, Step 2800 - valid_score:0.07357
Epoch 3, Step 3200 - valid_score:0.07408
Epoch 3, Step 3600 - valid_score:0.07418
Epoch 3, Step 4000 - valid_score:0.07390
Epoch 3, Step 4400 - valid_score:0.07461
Epoch 3, Step 4800 - valid_score:0.07400
Epoch 3, Step 5200 - valid_score:0.07383
Epoch 3, Step 5600 - valid_score:0.07482
Epoch 3, Step 6000 - valid_score:0.07405
Epoch 3, Step 6400 - valid_score:0.07356
Epoch 3, Step 6800 - valid_score:0.07379
Epoch 3, Step 7200 - valid_score:0.07410
Epoch 3, Step 7600 - valid_score:0.07390
Starting 4 epoch...
Epoch 4, Step 400 - valid_score:0.07397
Epoch 4, Step 800 - valid_score:0.07403
Epoch 4, Step 1200 - valid_score:0.07441
Epoch 4, Step 1600 - valid_score:0.07363
Epoch 4, Step 2000 - valid_score:0.07380
Epoch 4, Step 2400 - valid_score:0.07433
Epoch 4, Step 2800 - valid_score:0.07565
Epoch 4, Step 3200 - valid_score:0.07375
Epoch 4, Step 3600 - valid_score:0.07396
Epoch 4, Step 4000 - valid_score:0.07429
Epoch 4, Step 4400 - valid_score:0.07380
Epoch 4, Step 4800 - valid_score:0.07471
Epoch 4, Step 5200 - valid_score:0.07382
Epoch 4, Step 5600 - valid_score:0.07380
Epoch 4, Step 6000 - valid_score:0.07389
Epoch 4, Step 6400 - valid_score:0.07398
Epoch 4, Step 6800 - valid_score:0.07472
Epoch 4, Step 7200 - valid_score:0.07436
Epoch 4, Step 7600 - valid_score:0.07552
========================================================================================================================
Fold 4 Training
========================================================================================================================
Starting 1 epoch...
Epoch 1, Step 400 - valid_score:0.05618
>>>>>>>> Model Improved From inf ----> 0.05617915221279933
Epoch 1, Step 800 - valid_score:0.06260
Epoch 1, Step 1200 - valid_score:0.05593
>>>>>>>> Model Improved From 0.05617915221279933 ----> 0.05592616583959098
Epoch 1, Step 1600 - valid_score:0.05332
>>>>>>>> Model Improved From 0.05592616583959098 ----> 0.05331648097111067
Epoch 1, Step 2000 - valid_score:0.05615
Epoch 1, Step 2400 - valid_score:0.05196
>>>>>>>> Model Improved From 0.05331648097111067 ----> 0.051956560946558296
Epoch 1, Step 2800 - valid_score:0.05590
Epoch 1, Step 3200 - valid_score:0.07378
Epoch 1, Step 3600 - valid_score:0.07401
Epoch 1, Step 4000 - valid_score:0.07459
Epoch 1, Step 4400 - valid_score:0.07422
Epoch 1, Step 4800 - valid_score:0.07359
Epoch 1, Step 5200 - valid_score:0.07424
Epoch 1, Step 5600 - valid_score:0.07398
Epoch 1, Step 6000 - valid_score:0.07543
Epoch 1, Step 6400 - valid_score:0.07444
Epoch 1, Step 6800 - valid_score:0.07456
Epoch 1, Step 7200 - valid_score:0.07399
Epoch 1, Step 7600 - valid_score:0.07424
Starting 2 epoch...
Epoch 2, Step 400 - valid_score:0.07387
Epoch 2, Step 800 - valid_score:0.07400
Epoch 2, Step 1200 - valid_score:0.07848
Epoch 2, Step 1600 - valid_score:0.07514
Epoch 2, Step 2000 - valid_score:0.07398
Epoch 2, Step 2400 - valid_score:0.07374
Epoch 2, Step 2800 - valid_score:0.07425
Epoch 2, Step 3200 - valid_score:0.07390
Epoch 2, Step 3600 - valid_score:0.07522
Epoch 2, Step 4000 - valid_score:0.07359
Epoch 2, Step 4400 - valid_score:0.07365
Epoch 2, Step 4800 - valid_score:0.07378
Epoch 2, Step 5200 - valid_score:0.07433
Epoch 2, Step 5600 - valid_score:0.07399
Epoch 2, Step 6000 - valid_score:0.07517
Epoch 2, Step 6400 - valid_score:0.07456
Epoch 2, Step 6800 - valid_score:0.07400
Epoch 2, Step 7200 - valid_score:0.07420
Epoch 2, Step 7600 - valid_score:0.07392
Starting 3 epoch...
Epoch 3, Step 400 - valid_score:0.07510
Epoch 3, Step 800 - valid_score:0.07360
Epoch 3, Step 1200 - valid_score:0.07394
Epoch 3, Step 1600 - valid_score:0.07500
Epoch 3, Step 2000 - valid_score:0.07441
Epoch 3, Step 2400 - valid_score:0.07444
Epoch 3, Step 2800 - valid_score:0.07386
Epoch 3, Step 3200 - valid_score:0.07406
Epoch 3, Step 3600 - valid_score:0.07417
Epoch 3, Step 4000 - valid_score:0.07409
Epoch 3, Step 4400 - valid_score:0.07405
Epoch 3, Step 4800 - valid_score:0.07553
Epoch 3, Step 5200 - valid_score:0.07369
Epoch 3, Step 5600 - valid_score:0.07365
Epoch 3, Step 6000 - valid_score:0.07421
Epoch 3, Step 6400 - valid_score:0.07477
Epoch 3, Step 6800 - valid_score:0.07438
Epoch 3, Step 7200 - valid_score:0.07483
Epoch 3, Step 7600 - valid_score:0.07409
Starting 4 epoch...
Epoch 4, Step 400 - valid_score:0.07414
Epoch 4, Step 800 - valid_score:0.07379
Epoch 4, Step 1200 - valid_score:0.07487
Epoch 4, Step 1600 - valid_score:0.07485
Epoch 4, Step 2000 - valid_score:0.07393
Epoch 4, Step 2400 - valid_score:0.07401
Epoch 4, Step 2800 - valid_score:0.07440
Epoch 4, Step 3200 - valid_score:0.07414
Epoch 4, Step 3600 - valid_score:0.07386
Epoch 4, Step 4000 - valid_score:0.07409
Epoch 4, Step 4400 - valid_score:0.07392
Epoch 4, Step 4800 - valid_score:0.07365
Epoch 4, Step 5200 - valid_score:0.07370
Epoch 4, Step 5600 - valid_score:0.07385
Epoch 4, Step 6000 - valid_score:0.07420
Epoch 4, Step 6400 - valid_score:0.07419
Epoch 4, Step 6800 - valid_score:0.07568
Epoch 4, Step 7200 - valid_score:0.07403
Epoch 4, Step 7600 - valid_score:0.07419
0.6428571428571429
0.5357142857142857
0.39285714285714285
0.5714285714285714
0.7142857142857143
cv score 0.6532483060980471
